<?xml version="1.0" encoding="UTF-8"?>
<!-- Generated by org.testng.reporters.JUnitReportReporter -->
<testsuite hostname="hostname" name="com.extrabux.tests.SignUpTests" tests="1" failures="0" timestamp="13 Oct 2017 09:12:05 GMT" time="7.538" errors="0">
  <testcase name="signUpSuccessNoReferral" time="7.538" classname="com.extrabux.tests.SignUpTests"/>
</testsuite> <!-- com.extrabux.tests.SignUpTests -->
