<?xml version="1.0" encoding="UTF-8"?>
<!-- Generated by org.testng.reporters.JUnitReportReporter -->
<testsuite hostname="hostname" name="com.extrabux.tests.cn.ChinaPromotionTests" tests="1" failures="0" timestamp="17 Oct 2017 06:54:29 GMT" time="32.323" errors="0">
  <testcase name="bindUnionCard" time="32.323" classname="com.extrabux.tests.cn.ChinaPromotionTests"/>
</testsuite> <!-- com.extrabux.tests.cn.ChinaPromotionTests -->
